/*C2*/CONNECT USER SA
drop table categories
create table categories ( id integer, name varchar(50), description varchar(255), primary key (id) )
INSERT INTO CATEGORIES VALUES(1,'Bakery','Bagels, Biscuits, Rolls, Bread, Buns, Muffins, Desserts, Tortillas')
INSERT INTO CATEGORIES VALUES(2,'Beverages','Beer, Wine, Coffee, Cocoa, Tea, Soft Drinks, Water')
INSERT INTO CATEGORIES VALUES(3,'Deli','Cheeses, Meats, Party Trays, Sides, Snacks')
INSERT INTO CATEGORIES VALUES(4,'Grocery','Breakfast Foods, Canned Food, Ethnic Foods, Pasta, Rice, Soups')
INSERT INTO CATEGORIES VALUES(5,'Meat & Poultry','Beef, Chicken, Frozen, Lamb, Pork, Turkey')
INSERT INTO CATEGORIES VALUES(6,'Produce','Fruit, Vegetables')
INSERT INTO CATEGORIES VALUES(7,'Seafood','Fish, Shellfish')
drop table products
create table products ( id integer, categoryId integer, name varchar(50), price double, primary key (id) )
INSERT INTO PRODUCTS VALUES(1,1,'Bagel',3.0E0)
INSERT INTO PRODUCTS VALUES(2,1,'Baguette',2.0E0)
INSERT INTO PRODUCTS VALUES(3,1,'French Bread',3.0E0)
INSERT INTO PRODUCTS VALUES(4,1,'Taco shell',2.0E0)
INSERT INTO PRODUCTS VALUES(5,1,'Tortilla',4.0E0)
INSERT INTO PRODUCTS VALUES(6,2,'Beer',3.0E0)
INSERT INTO PRODUCTS VALUES(7,2,'Champagne',5.0E0)
INSERT INTO PRODUCTS VALUES(8,2,'Wine',6.0E0)
INSERT INTO PRODUCTS VALUES(9,2,'Soda',1.0E0)
INSERT INTO PRODUCTS VALUES(10,2,'Root Beer',1.0E0)
INSERT INTO PRODUCTS VALUES(11,3,'Provolone',3.0E0)
INSERT INTO PRODUCTS VALUES(12,3,'Mozzarella',4.0E0)
INSERT INTO PRODUCTS VALUES(13,3,'Cheddar',2.0E0)
INSERT INTO PRODUCTS VALUES(14,4,'Cereal',5.0E0)
INSERT INTO PRODUCTS VALUES(15,4,'Lasagne',2.0E0)
INSERT INTO PRODUCTS VALUES(16,4,'Rice',3.0E0)
INSERT INTO PRODUCTS VALUES(17,5,'Ground Beef',4.0E0)
INSERT INTO PRODUCTS VALUES(18,5,'Ribeye',5.0E0)
INSERT INTO PRODUCTS VALUES(19,5,'Chicken',3.0E0)
INSERT INTO PRODUCTS VALUES(20,5,'Bacon',3.0E0)
INSERT INTO PRODUCTS VALUES(21,5,'Pork Chop',5.0E0)
INSERT INTO PRODUCTS VALUES(22,6,'Banana',2.0E0)
INSERT INTO PRODUCTS VALUES(23,6,'Grape',2.0E0)
INSERT INTO PRODUCTS VALUES(24,6,'Lemon',1.0E0)
INSERT INTO PRODUCTS VALUES(25,6,'Tomato',1.0E0)
INSERT INTO PRODUCTS VALUES(26,6,'Mushroom',2.0E0)
INSERT INTO PRODUCTS VALUES(27,7,'Catfish',3.0E0)
INSERT INTO PRODUCTS VALUES(28,7,'Salmon',5.0E0)
INSERT INTO PRODUCTS VALUES(29,7,'Crab',10.0E0)
INSERT INTO PRODUCTS VALUES(30,7,'Shrimp',8.0E0)
drop table order_details
create table order_details ( orderId integer, productId integer, price double, quantity integer, primary key (orderId, productId) )
INSERT INTO ORDER_DETAILS VALUES(1,8,6.0E0,2)
INSERT INTO ORDER_DETAILS VALUES(1,16,3.0E0,1)
INSERT INTO ORDER_DETAILS VALUES(2,2,2.0E0,1)
INSERT INTO ORDER_DETAILS VALUES(2,26,1.0E0,2)
INSERT INTO ORDER_DETAILS VALUES(3,17,4.0E0,1)
INSERT INTO ORDER_DETAILS VALUES(4,14,5.0E0,3)
INSERT INTO ORDER_DETAILS VALUES(4,30,5.0E0,2)
INSERT INTO ORDER_DETAILS VALUES(5,9,1.0E0,1)
INSERT INTO ORDER_DETAILS VALUES(6,30,5.0E0,2)
INSERT INTO ORDER_DETAILS VALUES(6,8,6.0E0,1)
INSERT INTO ORDER_DETAILS VALUES(6,15,2.0E0,1)
INSERT INTO ORDER_DETAILS VALUES(7,2,2.0E0,2)
INSERT INTO ORDER_DETAILS VALUES(8,8,6.0E0,1)
INSERT INTO ORDER_DETAILS VALUES(9,16,3.0E0,3)
INSERT INTO ORDER_DETAILS VALUES(10,24,1.0E0,1)
INSERT INTO ORDER_DETAILS VALUES(11,1,6.0E0,2)
INSERT INTO ORDER_DETAILS VALUES(11,3,3.0E0,1)
INSERT INTO ORDER_DETAILS VALUES(12,14,2.0E0,1)
INSERT INTO ORDER_DETAILS VALUES(12,11,1.0E0,2)
INSERT INTO ORDER_DETAILS VALUES(13,6,4.0E0,1)
INSERT INTO ORDER_DETAILS VALUES(14,14,5.0E0,3)
INSERT INTO ORDER_DETAILS VALUES(14,4,5.0E0,2)
INSERT INTO ORDER_DETAILS VALUES(15,18,1.0E0,1)
INSERT INTO ORDER_DETAILS VALUES(16,19,5.0E0,2)
INSERT INTO ORDER_DETAILS VALUES(16,21,6.0E0,1)
INSERT INTO ORDER_DETAILS VALUES(16,5,2.0E0,1)
INSERT INTO ORDER_DETAILS VALUES(17,22,2.0E0,2)
INSERT INTO ORDER_DETAILS VALUES(18,8,6.0E0,1)
INSERT INTO ORDER_DETAILS VALUES(19,16,3.0E0,3)
INSERT INTO ORDER_DETAILS VALUES(20,28,1.0E0,1)
drop table orders
create table orders ( id integer, username varchar(10), orderDate datetime, primary key (id) )
INSERT INTO ORDERS VALUES(1,'ewalker','2004-08-10 00:00:00.0')
INSERT INTO ORDERS VALUES(2,'scarter','2004-12-22 00:00:00.0')
INSERT INTO ORDERS VALUES(3,'ewalker','2005-01-02 00:00:00.0')
INSERT INTO ORDERS VALUES(4,'scarter','2005-01-10 00:00:00.0')
INSERT INTO ORDERS VALUES(5,'jcarter','2005-02-10 00:00:00.0')
INSERT INTO ORDERS VALUES(6,'ewalker','2005-02-17 00:00:00.0')
INSERT INTO ORDERS VALUES(7,'tmorris','2005-02-25 00:00:00.0')
INSERT INTO ORDERS VALUES(8,'tmorris','2005-03-11 00:00:00.0')
INSERT INTO ORDERS VALUES(9,'kjensen','2005-04-09 00:00:00.0')
INSERT INTO ORDERS VALUES(10,'jcarter','2005-05-07 00:00:00.0')
INSERT INTO ORDERS VALUES(11,'tmorris','2005-05-15 00:00:00.0')
INSERT INTO ORDERS VALUES(12,'ewalker','2005-06-06 00:00:00.0')
INSERT INTO ORDERS VALUES(13,'rmills','2005-06-27 00:00:00.0')
INSERT INTO ORDERS VALUES(14,'mhunter','2005-07-14 00:00:00.0')
INSERT INTO ORDERS VALUES(15,'rmills','2005-07-14 00:00:00.0')
INSERT INTO ORDERS VALUES(16,'jcarter','2005-07-25 00:00:00.0')
INSERT INTO ORDERS VALUES(17,'bhall','2005-08-06 00:00:00.0')
INSERT INTO ORDERS VALUES(18,'tmorris','2005-08-18 00:00:00.0')
INSERT INTO ORDERS VALUES(19,'scarter','2005-09-07 00:00:00.0')
INSERT INTO ORDERS VALUES(20,'emorris','2005-09-12 00:00:00.0')
drop table customers
create table customers ( username varchar(10), firstName varchar(50), lastName varchar(50), encPassword varchar(255), password varchar(10), primary key (username) )
INSERT INTO CUSTOMERS VALUES('tmorris','Ted','Morris','47af3474c807aaea8b876c39e6ce8fb41e7ac637','tm0rr1s')
INSERT INTO CUSTOMERS VALUES('scarter','Sam','Carter','73789cc546472c6c629aecf1a04c3648ac040eab','5c4rt3r')
INSERT INTO CUSTOMERS VALUES('ewalker','Eric','Walker','745aeca50e677d42ddfe39b5571957569369f1b4','3w4lk3r')
INSERT INTO CUSTOMERS VALUES('rmills','Randy','Mills','4940b343329fa425ce84de5fb36f66affde6d119','rm1ll5')
INSERT INTO CUSTOMERS VALUES('jcarter','Janet','Carter','85dba07e21b1597a516ffe570901ee578d00a3a1','jc4rt3r')
INSERT INTO CUSTOMERS VALUES('kjensen','Karen','Jensen','c28d795d02b12866752b55518f473f753fc3ffff','kj3n53n')
INSERT INTO CUSTOMERS VALUES('mhunter','Martin','Hunter','545196b256ceded969568c31d642ef96f9d5b893','mhunt3r')
INSERT INTO CUSTOMERS VALUES('tjensen','Ted','Jensen','269cc231e17c496728557dd02c38ec7e016b96c9','tj3n53n')
INSERT INTO CUSTOMERS VALUES('emorris','Eric','Morris','ec3260802722cc08a2b665744120476e3de73fa1','3m0rr15')
INSERT INTO CUSTOMERS VALUES('bhall','Benjamin','Hall','399fa0b37c78c6d8fc43b304fb7989a2750611c0','bh4ll')
drop table customer_emails
create table customer_emails ( username varchar(10), email varchar(50), primary key (email) )
INSERT INTO CUSTOMER_EMAILS VALUES('tmorris','tmorris@yahoo.com')
INSERT INTO CUSTOMER_EMAILS VALUES('tmorris','tmorris@hotmail.com')
INSERT INTO CUSTOMER_EMAILS VALUES('ewalker','ewalker@yahoo.com')
INSERT INTO CUSTOMER_EMAILS VALUES('ewalker','ewalker@hotmail.com')
INSERT INTO CUSTOMER_EMAILS VALUES('ewalker','ewalker@gmail.com')
INSERT INTO CUSTOMER_EMAILS VALUES('kjensen','kjensen@gmail.com')
INSERT INTO CUSTOMER_EMAILS VALUES('tjensen','tjensen@hotmail.com')
INSERT INTO CUSTOMER_EMAILS VALUES('jcarter','jcarter@yahoo.com')
